<?xml version="1.0" encoding="UTF-8"?>
<testsuite name="com.cg.invoiceservice.InvoiceServiceTest" tests="1" skipped="0" failures="0" errors="0" timestamp="2020-10-26T11:12:32" hostname="DESKTOP-AURK5V2" time="0.002">
  <properties/>
  <testcase name="givenLessDistanceAndTimeShouldReturnMinimumFare" classname="com.cg.invoiceservice.InvoiceServiceTest" time="0.002"/>
  <system-out><![CDATA[]]></system-out>
  <system-err><![CDATA[]]></system-err>
</testsuite>
